<?xml version="1.0" encoding="UTF-8"?>
<!-- Generated by org.testng.reporters.JUnitXMLReporter -->
<testsuite ignored="0" hostname="DESKTOP-JPCF5TS" failures="0" tests="13" name="Test" time="26.394" errors="0" timestamp="2023-08-01T19:20:31 ICT">
  <testcase classname="com.automation.testcase.TC01_RegisterFunction" name="TC01_RegisterWithValidAccount" time="2.795"/>
  <testcase classname="com.automation.testcase.TC01_RegisterFunction" name="TC02_RegisterWithExistUsername" time="1.974"/>
  <testcase classname="com.automation.testcase.TC01_RegisterFunction" name="TC03_RegisterWithInvalidUsername" time="0.828"/>
  <testcase classname="com.automation.testcase.TC01_RegisterFunction" name="TC03_RegisterWithInvalidUsername" time="0.758"/>
  <testcase classname="com.automation.testcase.TC01_RegisterFunction" name="TC03_RegisterWithInvalidUsername" time="0.977"/>
  <testcase classname="com.automation.testcase.TC01_RegisterFunction" name="TC03_RegisterWithInvalidUsername" time="0.933"/>
  <testcase classname="com.automation.testcase.TC01_RegisterFunction" name="TC04_RegisterWithInvalidPassword" time="0.896"/>
  <testcase classname="com.automation.testcase.TC01_RegisterFunction" name="TC04_RegisterWithInvalidPassword" time="0.995"/>
  <testcase classname="com.automation.testcase.TC01_RegisterFunction" name="TC05_RegisterWithInvalidRePassword" time="0.942"/>
  <testcase classname="com.automation.testcase.TC02_LoginFunction" name="TC01_LoginWithValidAccount" time="6.1"/>
  <testcase classname="com.automation.testcase.TC02_LoginFunction" name="TC02_LoginWithInvalidAccount" time="2.078"/>
  <testcase classname="com.automation.testcase.TC02_LoginFunction" name="TC02_LoginWithInvalidAccount" time="1.565"/>
  <testcase classname="com.automation.testcase.TC02_LoginFunction" name="TC02_LoginWithInvalidAccount" time="1.42"/>
</testsuite> <!-- Test -->
